Started GET "/" for ::1 at 2022-03-15 18:27:19 +0200
  
ActiveRecord::NoDatabaseError (We could not find your database: Kambelis_backend_development. Which can be found in the database configuration file located at config/database.yml.

To resolve this issue:

- Did you create the database for this app, or delete it? You may need to create your database.
- Has the database name changed? Check your database.yml config has the correct database name.

To create your database, run:

        bin/rails db:create
):
  
activerecord (7.0.2.3) lib/active_record/connection_adapters/postgresql_adapter.rb:81:in `rescue in new_client'
activerecord (7.0.2.3) lib/active_record/connection_adapters/postgresql_adapter.rb:77:in `new_client'
activerecord (7.0.2.3) lib/active_record/connection_adapters/postgresql_adapter.rb:37:in `postgresql_connection'
activerecord (7.0.2.3) lib/active_record/connection_adapters/abstract/connection_pool.rb:656:in `public_send'
activerecord (7.0.2.3) lib/active_record/connection_adapters/abstract/connection_pool.rb:656:in `new_connection'
activerecord (7.0.2.3) lib/active_record/connection_adapters/abstract/connection_pool.rb:700:in `checkout_new_connection'
activerecord (7.0.2.3) lib/active_record/connection_adapters/abstract/connection_pool.rb:679:in `try_to_checkout_new_connection'
activerecord (7.0.2.3) lib/active_record/connection_adapters/abstract/connection_pool.rb:640:in `acquire_connection'
activerecord (7.0.2.3) lib/active_record/connection_adapters/abstract/connection_pool.rb:341:in `checkout'
activerecord (7.0.2.3) lib/active_record/connection_adapters/abstract/connection_pool.rb:181:in `connection'
activerecord (7.0.2.3) lib/active_record/connection_adapters/abstract/connection_handler.rb:211:in `retrieve_connection'
activerecord (7.0.2.3) lib/active_record/connection_handling.rb:313:in `retrieve_connection'
activerecord (7.0.2.3) lib/active_record/connection_handling.rb:280:in `connection'
activerecord (7.0.2.3) lib/active_record/migration.rb:613:in `connection'
activerecord (7.0.2.3) lib/active_record/migration.rb:608:in `build_watcher'
activerecord (7.0.2.3) lib/active_record/migration.rb:590:in `block in call'
activerecord (7.0.2.3) lib/active_record/migration.rb:589:in `synchronize'
activerecord (7.0.2.3) lib/active_record/migration.rb:589:in `call'
actionpack (7.0.2.3) lib/action_dispatch/middleware/callbacks.rb:27:in `block in call'
activesupport (7.0.2.3) lib/active_support/callbacks.rb:99:in `run_callbacks'
actionpack (7.0.2.3) lib/action_dispatch/middleware/callbacks.rb:26:in `call'
actionpack (7.0.2.3) lib/action_dispatch/middleware/executor.rb:14:in `call'
actionpack (7.0.2.3) lib/action_dispatch/middleware/actionable_exceptions.rb:17:in `call'
actionpack (7.0.2.3) lib/action_dispatch/middleware/debug_exceptions.rb:28:in `call'
actionpack (7.0.2.3) lib/action_dispatch/middleware/show_exceptions.rb:26:in `call'
railties (7.0.2.3) lib/rails/rack/logger.rb:36:in `call_app'
railties (7.0.2.3) lib/rails/rack/logger.rb:25:in `block in call'
activesupport (7.0.2.3) lib/active_support/tagged_logging.rb:99:in `block in tagged'
activesupport (7.0.2.3) lib/active_support/tagged_logging.rb:37:in `tagged'
activesupport (7.0.2.3) lib/active_support/tagged_logging.rb:99:in `tagged'
railties (7.0.2.3) lib/rails/rack/logger.rb:25:in `call'
actionpack (7.0.2.3) lib/action_dispatch/middleware/remote_ip.rb:93:in `call'
actionpack (7.0.2.3) lib/action_dispatch/middleware/request_id.rb:26:in `call'
rack (2.2.3) lib/rack/runtime.rb:22:in `call'
activesupport (7.0.2.3) lib/active_support/cache/strategy/local_cache_middleware.rb:29:in `call'
actionpack (7.0.2.3) lib/action_dispatch/middleware/server_timing.rb:20:in `call'
actionpack (7.0.2.3) lib/action_dispatch/middleware/executor.rb:14:in `call'
actionpack (7.0.2.3) lib/action_dispatch/middleware/static.rb:23:in `call'
rack (2.2.3) lib/rack/sendfile.rb:110:in `call'
actionpack (7.0.2.3) lib/action_dispatch/middleware/host_authorization.rb:137:in `call'
railties (7.0.2.3) lib/rails/engine.rb:530:in `call'
puma (5.6.2) lib/puma/configuration.rb:252:in `call'
puma (5.6.2) lib/puma/request.rb:77:in `block in handle_request'
puma (5.6.2) lib/puma/thread_pool.rb:340:in `with_force_shutdown'
puma (5.6.2) lib/puma/request.rb:76:in `handle_request'
puma (5.6.2) lib/puma/server.rb:441:in `process_client'
puma (5.6.2) lib/puma/thread_pool.rb:147:in `block in spawn_thread'
Started POST "/rails/actions" for ::1 at 2022-03-15 18:27:25 +0200
  [1m[35m (2641.4ms)[0m  [1m[35mCREATE DATABASE "Kambelis_backend_development" ENCODING = 'unicode'[0m
  [1m[35m (867.6ms)[0m  [1m[35mCREATE DATABASE "Kambelis_backend_test" ENCODING = 'unicode'[0m
Started GET "/" for ::1 at 2022-03-15 18:27:29 +0200
Processing by Rails::WelcomeController#index as HTML
  Rendering /home/willy/.rbenv/versions/3.0.3/lib/ruby/gems/3.0.0/gems/railties-7.0.2.3/lib/rails/templates/rails/welcome/index.html.erb
  Rendered /home/willy/.rbenv/versions/3.0.3/lib/ruby/gems/3.0.0/gems/railties-7.0.2.3/lib/rails/templates/rails/welcome/index.html.erb (Duration: 49.1ms | Allocations: 417)
Completed 200 OK in 174ms (Views: 54.5ms | ActiveRecord: 0.0ms | Allocations: 4347)


  [1m[35m (882.6ms)[0m  [1m[35mCREATE TABLE "schema_migrations" ("version" character varying NOT NULL PRIMARY KEY)[0m
  [1m[35m (1412.6ms)[0m  [1m[35mCREATE TABLE "ar_internal_metadata" ("key" character varying NOT NULL PRIMARY KEY, "value" character varying, "created_at" timestamp(6) NOT NULL, "updated_at" timestamp(6) NOT NULL)[0m
  [1m[35m (19.7ms)[0m  [1m[34mSELECT pg_try_advisory_lock(6135436634859846615)[0m
  [1m[36mActiveRecord::SchemaMigration Pluck (2.3ms)[0m  [1m[34mSELECT "schema_migrations"."version" FROM "schema_migrations" ORDER BY "schema_migrations"."version" ASC[0m
Migrating to CreateGreetings (20220315164344)
  [1m[36mTRANSACTION (0.6ms)[0m  [1m[35mBEGIN[0m
  [1m[35m (260.0ms)[0m  [1m[35mCREATE TABLE "greetings" ("id" bigserial primary key, "message" character varying, "created_at" timestamp(6) NOT NULL, "updated_at" timestamp(6) NOT NULL)[0m
  [1m[36mActiveRecord::SchemaMigration Create (33.6ms)[0m  [1m[32mINSERT INTO "schema_migrations" ("version") VALUES ($1) RETURNING "version"[0m  [["version", "20220315164344"]]
  [1m[36mTRANSACTION (21.9ms)[0m  [1m[35mCOMMIT[0m
  [1m[36mActiveRecord::InternalMetadata Load (1.5ms)[0m  [1m[34mSELECT "ar_internal_metadata".* FROM "ar_internal_metadata" WHERE "ar_internal_metadata"."key" = $1 LIMIT $2[0m  [["key", "environment"], ["LIMIT", 1]]
  [1m[36mTRANSACTION (0.4ms)[0m  [1m[35mBEGIN[0m
  [1m[36mActiveRecord::InternalMetadata Create (9.0ms)[0m  [1m[32mINSERT INTO "ar_internal_metadata" ("key", "value", "created_at", "updated_at") VALUES ($1, $2, $3, $4) RETURNING "key"[0m  [["key", "environment"], ["value", "development"], ["created_at", "2022-03-15 16:45:38.754595"], ["updated_at", "2022-03-15 16:45:38.754595"]]
  [1m[36mTRANSACTION (28.2ms)[0m  [1m[35mCOMMIT[0m
  [1m[35m (0.3ms)[0m  [1m[34mSELECT pg_advisory_unlock(6135436634859846615)[0m
  [1m[36mActiveRecord::SchemaMigration Pluck (0.7ms)[0m  [1m[34mSELECT "schema_migrations"."version" FROM "schema_migrations" ORDER BY "schema_migrations"."version" ASC[0m
  [1m[36mActiveRecord::SchemaMigration Pluck (0.6ms)[0m  [1m[34mSELECT "schema_migrations"."version" FROM "schema_migrations" ORDER BY "schema_migrations"."version" ASC[0m
  [1m[36mTRANSACTION (0.1ms)[0m  [1m[35mBEGIN[0m
  [1m[36mGreeting Create (29.4ms)[0m  [1m[32mINSERT INTO "greetings" ("message", "created_at", "updated_at") VALUES ($1, $2, $3) RETURNING "id"[0m  [["message", "Hello Rails"], ["created_at", "2022-03-15 16:46:08.734078"], ["updated_at", "2022-03-15 16:46:08.734078"]]
  [1m[36mTRANSACTION (21.0ms)[0m  [1m[35mCOMMIT[0m
  [1m[36mTRANSACTION (0.2ms)[0m  [1m[35mBEGIN[0m
  [1m[36mGreeting Create (0.4ms)[0m  [1m[32mINSERT INTO "greetings" ("message", "created_at", "updated_at") VALUES ($1, $2, $3) RETURNING "id"[0m  [["message", "Hi Rails!"], ["created_at", "2022-03-15 16:46:08.788930"], ["updated_at", "2022-03-15 16:46:08.788930"]]
  [1m[36mTRANSACTION (5.2ms)[0m  [1m[35mCOMMIT[0m
  [1m[36mTRANSACTION (0.3ms)[0m  [1m[35mBEGIN[0m
  [1m[36mGreeting Create (0.6ms)[0m  [1m[32mINSERT INTO "greetings" ("message", "created_at", "updated_at") VALUES ($1, $2, $3) RETURNING "id"[0m  [["message", "What's going on Rails!"], ["created_at", "2022-03-15 16:46:08.800961"], ["updated_at", "2022-03-15 16:46:08.800961"]]
  [1m[36mTRANSACTION (1.9ms)[0m  [1m[35mCOMMIT[0m
  [1m[36mTRANSACTION (0.3ms)[0m  [1m[35mBEGIN[0m
  [1m[36mGreeting Create (0.6ms)[0m  [1m[32mINSERT INTO "greetings" ("message", "created_at", "updated_at") VALUES ($1, $2, $3) RETURNING "id"[0m  [["message", "What's up Rails!"], ["created_at", "2022-03-15 16:46:08.811828"], ["updated_at", "2022-03-15 16:46:08.811828"]]
  [1m[36mTRANSACTION (2.2ms)[0m  [1m[35mCOMMIT[0m
  [1m[36mTRANSACTION (0.4ms)[0m  [1m[35mBEGIN[0m
  [1m[36mGreeting Create (87.5ms)[0m  [1m[32mINSERT INTO "greetings" ("message", "created_at", "updated_at") VALUES ($1, $2, $3) RETURNING "id"[0m  [["message", "How do you do Rails!"], ["created_at", "2022-03-15 16:46:08.823338"], ["updated_at", "2022-03-15 16:46:08.823338"]]
  [1m[36mTRANSACTION (13.3ms)[0m  [1m[35mCOMMIT[0m
  [1m[36mGreeting Load (0.6ms)[0m  [1m[34mSELECT "greetings".* FROM "greetings"[0m
  [1m[36mActiveRecord::SchemaMigration Pluck (0.8ms)[0m  [1m[34mSELECT "schema_migrations"."version" FROM "schema_migrations" ORDER BY "schema_migrations"."version" ASC[0m
  [1m[36mActiveRecord::InternalMetadata Pluck (0.3ms)[0m  [1m[34mSELECT "ar_internal_metadata"."value" FROM "ar_internal_metadata" WHERE "ar_internal_metadata"."key" = $1 LIMIT $2[0m  [["key", "environment"], ["LIMIT", 1]]
  [1m[36mActiveRecord::SchemaMigration Pluck (0.2ms)[0m  [1m[34mSELECT "schema_migrations"."version" FROM "schema_migrations" ORDER BY "schema_migrations"."version" ASC[0m
  [1m[36mActiveRecord::InternalMetadata Pluck (0.2ms)[0m  [1m[34mSELECT "ar_internal_metadata"."value" FROM "ar_internal_metadata" WHERE "ar_internal_metadata"."key" = $1 LIMIT $2[0m  [["key", "environment"], ["LIMIT", 1]]
  [1m[36mActiveRecord::SchemaMigration Pluck (0.2ms)[0m  [1m[34mSELECT "schema_migrations"."version" FROM "schema_migrations" ORDER BY "schema_migrations"."version" ASC[0m
  [1m[36mActiveRecord::InternalMetadata Pluck (0.2ms)[0m  [1m[34mSELECT "ar_internal_metadata"."value" FROM "ar_internal_metadata" WHERE "ar_internal_metadata"."key" = $1 LIMIT $2[0m  [["key", "environment"], ["LIMIT", 1]]
  [1m[35m (795.4ms)[0m  [1m[35mDROP DATABASE IF EXISTS "Kambelis_backend_development"[0m
  [1m[35m (468.8ms)[0m  [1m[35mDROP DATABASE IF EXISTS "Kambelis_backend_test"[0m
  [1m[35m (1296.7ms)[0m  [1m[35mCREATE DATABASE "Kambelis_backend_development" ENCODING = 'unicode'[0m
  [1m[35m (865.4ms)[0m  [1m[35mCREATE DATABASE "Kambelis_backend_test" ENCODING = 'unicode'[0m
  [1m[35mSQL (0.5ms)[0m  [1m[35mCREATE EXTENSION IF NOT EXISTS "plpgsql"[0m
  [1m[35m (0.2ms)[0m  [1m[35mDROP TABLE IF EXISTS "greetings" CASCADE[0m
  [1m[35m (179.6ms)[0m  [1m[35mCREATE TABLE "greetings" ("id" bigserial primary key, "message" character varying, "created_at" timestamp(6) NOT NULL, "updated_at" timestamp(6) NOT NULL)[0m
  [1m[35m (148.5ms)[0m  [1m[35mCREATE TABLE "schema_migrations" ("version" character varying NOT NULL PRIMARY KEY)[0m
  [1m[36mActiveRecord::SchemaMigration Pluck (1.7ms)[0m  [1m[34mSELECT "schema_migrations"."version" FROM "schema_migrations" ORDER BY "schema_migrations"."version" ASC[0m
  [1m[35m (9.9ms)[0m  [1m[32mINSERT INTO "schema_migrations" (version) VALUES (20220315164344)[0m
  [1m[35m (139.2ms)[0m  [1m[35mCREATE TABLE "ar_internal_metadata" ("key" character varying NOT NULL PRIMARY KEY, "value" character varying, "created_at" timestamp(6) NOT NULL, "updated_at" timestamp(6) NOT NULL)[0m
  [1m[36mActiveRecord::InternalMetadata Load (1.3ms)[0m  [1m[34mSELECT "ar_internal_metadata".* FROM "ar_internal_metadata" WHERE "ar_internal_metadata"."key" = $1 LIMIT $2[0m  [["key", "environment"], ["LIMIT", 1]]
  [1m[36mTRANSACTION (0.5ms)[0m  [1m[35mBEGIN[0m
  [1m[36mActiveRecord::InternalMetadata Create (0.8ms)[0m  [1m[32mINSERT INTO "ar_internal_metadata" ("key", "value", "created_at", "updated_at") VALUES ($1, $2, $3, $4) RETURNING "key"[0m  [["key", "environment"], ["value", "development"], ["created_at", "2022-03-15 16:48:36.641568"], ["updated_at", "2022-03-15 16:48:36.641568"]]
  [1m[36mTRANSACTION (8.6ms)[0m  [1m[35mCOMMIT[0m
  [1m[36mActiveRecord::InternalMetadata Load (0.4ms)[0m  [1m[34mSELECT "ar_internal_metadata".* FROM "ar_internal_metadata" WHERE "ar_internal_metadata"."key" = $1 LIMIT $2[0m  [["key", "environment"], ["LIMIT", 1]]
  [1m[36mActiveRecord::InternalMetadata Load (0.4ms)[0m  [1m[34mSELECT "ar_internal_metadata".* FROM "ar_internal_metadata" WHERE "ar_internal_metadata"."key" = $1 LIMIT $2[0m  [["key", "schema_sha1"], ["LIMIT", 1]]
  [1m[36mTRANSACTION (0.3ms)[0m  [1m[35mBEGIN[0m
  [1m[36mActiveRecord::InternalMetadata Create (0.4ms)[0m  [1m[32mINSERT INTO "ar_internal_metadata" ("key", "value", "created_at", "updated_at") VALUES ($1, $2, $3, $4) RETURNING "key"[0m  [["key", "schema_sha1"], ["value", "61bfacb62374d2fd44e0903e7dde848b20e6404c"], ["created_at", "2022-03-15 16:48:36.665658"], ["updated_at", "2022-03-15 16:48:36.665658"]]
  [1m[36mTRANSACTION (10.3ms)[0m  [1m[35mCOMMIT[0m
  [1m[35mSQL (0.3ms)[0m  [1m[35mCREATE EXTENSION IF NOT EXISTS "plpgsql"[0m
  [1m[35m (0.2ms)[0m  [1m[35mDROP TABLE IF EXISTS "greetings" CASCADE[0m
  [1m[35m (246.2ms)[0m  [1m[35mCREATE TABLE "greetings" ("id" bigserial primary key, "message" character varying, "created_at" timestamp(6) NOT NULL, "updated_at" timestamp(6) NOT NULL)[0m
  [1m[35m (125.6ms)[0m  [1m[35mCREATE TABLE "schema_migrations" ("version" character varying NOT NULL PRIMARY KEY)[0m
  [1m[36mActiveRecord::SchemaMigration Pluck (0.7ms)[0m  [1m[34mSELECT "schema_migrations"."version" FROM "schema_migrations" ORDER BY "schema_migrations"."version" ASC[0m
  [1m[35m (7.0ms)[0m  [1m[32mINSERT INTO "schema_migrations" (version) VALUES (20220315164344)[0m
  [1m[35m (130.5ms)[0m  [1m[35mCREATE TABLE "ar_internal_metadata" ("key" character varying NOT NULL PRIMARY KEY, "value" character varying, "created_at" timestamp(6) NOT NULL, "updated_at" timestamp(6) NOT NULL)[0m
  [1m[36mActiveRecord::InternalMetadata Load (1.4ms)[0m  [1m[34mSELECT "ar_internal_metadata".* FROM "ar_internal_metadata" WHERE "ar_internal_metadata"."key" = $1 LIMIT $2[0m  [["key", "environment"], ["LIMIT", 1]]
  [1m[36mTRANSACTION (0.5ms)[0m  [1m[35mBEGIN[0m
  [1m[36mActiveRecord::InternalMetadata Create (1.7ms)[0m  [1m[32mINSERT INTO "ar_internal_metadata" ("key", "value", "created_at", "updated_at") VALUES ($1, $2, $3, $4) RETURNING "key"[0m  [["key", "environment"], ["value", "development"], ["created_at", "2022-03-15 16:48:37.275687"], ["updated_at", "2022-03-15 16:48:37.275687"]]
  [1m[36mTRANSACTION (12.9ms)[0m  [1m[35mCOMMIT[0m
  [1m[36mActiveRecord::InternalMetadata Load (0.6ms)[0m  [1m[34mSELECT "ar_internal_metadata".* FROM "ar_internal_metadata" WHERE "ar_internal_metadata"."key" = $1 LIMIT $2[0m  [["key", "environment"], ["LIMIT", 1]]
  [1m[36mTRANSACTION (0.4ms)[0m  [1m[35mBEGIN[0m
  [1m[36mActiveRecord::InternalMetadata Update (0.8ms)[0m  [1m[33mUPDATE "ar_internal_metadata" SET "value" = $1, "updated_at" = $2 WHERE "ar_internal_metadata"."key" = $3[0m  [["value", "test"], ["updated_at", "2022-03-15 16:48:37.312484"], ["key", "environment"]]
  [1m[36mTRANSACTION (6.2ms)[0m  [1m[35mCOMMIT[0m
  [1m[36mActiveRecord::InternalMetadata Load (0.7ms)[0m  [1m[34mSELECT "ar_internal_metadata".* FROM "ar_internal_metadata" WHERE "ar_internal_metadata"."key" = $1 LIMIT $2[0m  [["key", "schema_sha1"], ["LIMIT", 1]]
  [1m[36mTRANSACTION (0.4ms)[0m  [1m[35mBEGIN[0m
  [1m[36mActiveRecord::InternalMetadata Create (0.5ms)[0m  [1m[32mINSERT INTO "ar_internal_metadata" ("key", "value", "created_at", "updated_at") VALUES ($1, $2, $3, $4) RETURNING "key"[0m  [["key", "schema_sha1"], ["value", "61bfacb62374d2fd44e0903e7dde848b20e6404c"], ["created_at", "2022-03-15 16:48:37.333249"], ["updated_at", "2022-03-15 16:48:37.333249"]]
  [1m[36mTRANSACTION (8.8ms)[0m  [1m[35mCOMMIT[0m
  [1m[36mActiveRecord::SchemaMigration Pluck (0.6ms)[0m  [1m[34mSELECT "schema_migrations"."version" FROM "schema_migrations" ORDER BY "schema_migrations"."version" ASC[0m
  [1m[36mTRANSACTION (0.1ms)[0m  [1m[35mBEGIN[0m
  [1m[36mGreeting Create (0.5ms)[0m  [1m[32mINSERT INTO "greetings" ("message", "created_at", "updated_at") VALUES ($1, $2, $3) RETURNING "id"[0m  [["message", "Hello Kambelis"], ["created_at", "2022-03-15 16:48:37.393539"], ["updated_at", "2022-03-15 16:48:37.393539"]]
  [1m[36mTRANSACTION (40.6ms)[0m  [1m[35mCOMMIT[0m
  [1m[36mTRANSACTION (0.1ms)[0m  [1m[35mBEGIN[0m
  [1m[36mGreeting Create (0.3ms)[0m  [1m[32mINSERT INTO "greetings" ("message", "created_at", "updated_at") VALUES ($1, $2, $3) RETURNING "id"[0m  [["message", "Hi Kambeli!"], ["created_at", "2022-03-15 16:48:37.438597"], ["updated_at", "2022-03-15 16:48:37.438597"]]
  [1m[36mTRANSACTION (6.3ms)[0m  [1m[35mCOMMIT[0m
  [1m[36mTRANSACTION (0.2ms)[0m  [1m[35mBEGIN[0m
  [1m[36mGreeting Create (0.3ms)[0m  [1m[32mINSERT INTO "greetings" ("message", "created_at", "updated_at") VALUES ($1, $2, $3) RETURNING "id"[0m  [["message", "What's going on Kambelis!"], ["created_at", "2022-03-15 16:48:37.449826"], ["updated_at", "2022-03-15 16:48:37.449826"]]
  [1m[36mTRANSACTION (5.8ms)[0m  [1m[35mCOMMIT[0m
  [1m[36mTRANSACTION (0.2ms)[0m  [1m[35mBEGIN[0m
  [1m[36mGreeting Create (0.4ms)[0m  [1m[32mINSERT INTO "greetings" ("message", "created_at", "updated_at") VALUES ($1, $2, $3) RETURNING "id"[0m  [["message", "What's up Kambelis!"], ["created_at", "2022-03-15 16:48:37.460995"], ["updated_at", "2022-03-15 16:48:37.460995"]]
  [1m[36mTRANSACTION (5.6ms)[0m  [1m[35mCOMMIT[0m
  [1m[36mTRANSACTION (0.2ms)[0m  [1m[35mBEGIN[0m
  [1m[36mGreeting Create (0.3ms)[0m  [1m[32mINSERT INTO "greetings" ("message", "created_at", "updated_at") VALUES ($1, $2, $3) RETURNING "id"[0m  [["message", "How do you do Kambelis!"], ["created_at", "2022-03-15 16:48:37.472291"], ["updated_at", "2022-03-15 16:48:37.472291"]]
  [1m[36mTRANSACTION (5.9ms)[0m  [1m[35mCOMMIT[0m
  [1m[35m (0.2ms)[0m  [1m[34mSELECT pg_try_advisory_lock(6135436634859846615)[0m
  [1m[36mActiveRecord::SchemaMigration Pluck (0.7ms)[0m  [1m[34mSELECT "schema_migrations"."version" FROM "schema_migrations" ORDER BY "schema_migrations"."version" ASC[0m
  [1m[36mActiveRecord::InternalMetadata Load (0.4ms)[0m  [1m[34mSELECT "ar_internal_metadata".* FROM "ar_internal_metadata" WHERE "ar_internal_metadata"."key" = $1 LIMIT $2[0m  [["key", "environment"], ["LIMIT", 1]]
  [1m[35m (0.3ms)[0m  [1m[34mSELECT pg_advisory_unlock(6135436634859846615)[0m
  [1m[36mActiveRecord::SchemaMigration Pluck (0.5ms)[0m  [1m[34mSELECT "schema_migrations"."version" FROM "schema_migrations" ORDER BY "schema_migrations"."version" ASC[0m
  [1m[36mActiveRecord::SchemaMigration Pluck (0.5ms)[0m  [1m[34mSELECT "schema_migrations"."version" FROM "schema_migrations" ORDER BY "schema_migrations"."version" ASC[0m
  [1m[36mTRANSACTION (0.3ms)[0m  [1m[35mBEGIN[0m
  [1m[36mGreeting Create (0.5ms)[0m  [1m[32mINSERT INTO "greetings" ("message", "created_at", "updated_at") VALUES ($1, $2, $3) RETURNING "id"[0m  [["message", "Hello Kambelis"], ["created_at", "2022-03-15 16:48:55.920942"], ["updated_at", "2022-03-15 16:48:55.920942"]]
  [1m[36mTRANSACTION (13.1ms)[0m  [1m[35mCOMMIT[0m
  [1m[36mTRANSACTION (0.3ms)[0m  [1m[35mBEGIN[0m
  [1m[36mGreeting Create (0.3ms)[0m  [1m[32mINSERT INTO "greetings" ("message", "created_at", "updated_at") VALUES ($1, $2, $3) RETURNING "id"[0m  [["message", "Hi Kambeli!"], ["created_at", "2022-03-15 16:48:55.938511"], ["updated_at", "2022-03-15 16:48:55.938511"]]
  [1m[36mTRANSACTION (7.2ms)[0m  [1m[35mCOMMIT[0m
  [1m[36mTRANSACTION (0.3ms)[0m  [1m[35mBEGIN[0m
  [1m[36mGreeting Create (0.3ms)[0m  [1m[32mINSERT INTO "greetings" ("message", "created_at", "updated_at") VALUES ($1, $2, $3) RETURNING "id"[0m  [["message", "What's going on Kambelis!"], ["created_at", "2022-03-15 16:48:55.949550"], ["updated_at", "2022-03-15 16:48:55.949550"]]
  [1m[36mTRANSACTION (7.4ms)[0m  [1m[35mCOMMIT[0m
  [1m[36mTRANSACTION (0.3ms)[0m  [1m[35mBEGIN[0m
  [1m[36mGreeting Create (0.4ms)[0m  [1m[32mINSERT INTO "greetings" ("message", "created_at", "updated_at") VALUES ($1, $2, $3) RETURNING "id"[0m  [["message", "What's up Kambelis!"], ["created_at", "2022-03-15 16:48:55.960495"], ["updated_at", "2022-03-15 16:48:55.960495"]]
  [1m[36mTRANSACTION (7.6ms)[0m  [1m[35mCOMMIT[0m
  [1m[36mTRANSACTION (0.3ms)[0m  [1m[35mBEGIN[0m
  [1m[36mGreeting Create (0.4ms)[0m  [1m[32mINSERT INTO "greetings" ("message", "created_at", "updated_at") VALUES ($1, $2, $3) RETURNING "id"[0m  [["message", "How do you do Kambelis!"], ["created_at", "2022-03-15 16:48:55.971859"], ["updated_at", "2022-03-15 16:48:55.971859"]]
  [1m[36mTRANSACTION (7.5ms)[0m  [1m[35mCOMMIT[0m
  [1m[36mGreeting Load (0.6ms)[0m  [1m[34mSELECT "greetings".* FROM "greetings"[0m
Started GET "/greeting" for ::1 at 2022-03-15 18:55:02 +0200
  [1m[36mActiveRecord::SchemaMigration Pluck (0.5ms)[0m  [1m[34mSELECT "schema_migrations"."version" FROM "schema_migrations" ORDER BY "schema_migrations"."version" ASC[0m
  
ActionController::RoutingError (No route matches [GET] "/greeting"):
  
Started GET "/greetings" for ::1 at 2022-03-15 18:55:07 +0200
  
ActionController::RoutingError (No route matches [GET] "/greetings"):
  
Started GET "/api/greeting" for ::1 at 2022-03-15 18:55:13 +0200
Processing by Api::GreetingsController#index as JSON
  [1m[36mGreeting Load (4.4ms)[0m  [1m[34mSELECT "greetings".* FROM "greetings" ORDER BY RANDOM() LIMIT $1[0m  [["LIMIT", 1]]
  ↳ app/controllers/api/greetings_controller.rb:3:in `index'
Completed 200 OK in 73ms (Views: 1.8ms | ActiveRecord: 22.2ms | Allocations: 6276)


Started GET "/api/greeting" for ::1 at 2022-03-15 18:55:16 +0200
Processing by Api::GreetingsController#index as JSON
  [1m[36mGreeting Load (0.4ms)[0m  [1m[34mSELECT "greetings".* FROM "greetings" ORDER BY RANDOM() LIMIT $1[0m  [["LIMIT", 1]]
  ↳ app/controllers/api/greetings_controller.rb:3:in `index'
Completed 200 OK in 4ms (Views: 0.3ms | ActiveRecord: 0.4ms | Allocations: 798)


Started GET "/favicon.ico" for ::1 at 2022-03-15 18:55:16 +0200
  
ActionController::RoutingError (No route matches [GET] "/favicon.ico"):
  
Started GET "/api/greeting" for ::1 at 2022-03-15 18:55:18 +0200
Processing by Api::GreetingsController#index as JSON
  [1m[36mGreeting Load (0.6ms)[0m  [1m[34mSELECT "greetings".* FROM "greetings" ORDER BY RANDOM() LIMIT $1[0m  [["LIMIT", 1]]
  ↳ app/controllers/api/greetings_controller.rb:3:in `index'
Completed 200 OK in 4ms (Views: 0.2ms | ActiveRecord: 0.6ms | Allocations: 661)


Started GET "/api/greeting" for ::1 at 2022-03-15 18:55:23 +0200
Processing by Api::GreetingsController#index as JSON
  [1m[36mGreeting Load (0.7ms)[0m  [1m[34mSELECT "greetings".* FROM "greetings" ORDER BY RANDOM() LIMIT $1[0m  [["LIMIT", 1]]
  ↳ app/controllers/api/greetings_controller.rb:3:in `index'
Completed 200 OK in 4ms (Views: 0.2ms | ActiveRecord: 0.7ms | Allocations: 673)


Started GET "/api/greeting" for ::1 at 2022-03-15 18:55:26 +0200
Processing by Api::GreetingsController#index as JSON
  [1m[36mGreeting Load (0.5ms)[0m  [1m[34mSELECT "greetings".* FROM "greetings" ORDER BY RANDOM() LIMIT $1[0m  [["LIMIT", 1]]
  ↳ app/controllers/api/greetings_controller.rb:3:in `index'
Completed 200 OK in 3ms (Views: 0.2ms | ActiveRecord: 0.5ms | Allocations: 661)


Started GET "/api/greeting" for 127.0.0.1 at 2022-03-15 18:56:10 +0200
Processing by Api::GreetingsController#index as JSON
  [1m[36mGreeting Load (0.4ms)[0m  [1m[34mSELECT "greetings".* FROM "greetings" ORDER BY RANDOM() LIMIT $1[0m  [["LIMIT", 1]]
  ↳ app/controllers/api/greetings_controller.rb:3:in `index'
Completed 200 OK in 3ms (Views: 0.2ms | ActiveRecord: 0.4ms | Allocations: 674)


Started GET "/api/greeting" for 127.0.0.1 at 2022-03-15 18:56:14 +0200
Processing by Api::GreetingsController#index as JSON
  [1m[36mGreeting Load (0.6ms)[0m  [1m[34mSELECT "greetings".* FROM "greetings" ORDER BY RANDOM() LIMIT $1[0m  [["LIMIT", 1]]
  ↳ app/controllers/api/greetings_controller.rb:3:in `index'
Completed 200 OK in 4ms (Views: 0.2ms | ActiveRecord: 0.6ms | Allocations: 661)


Started GET "/api/greeting" for 127.0.0.1 at 2022-03-15 18:56:15 +0200
Processing by Api::GreetingsController#index as JSON
  [1m[36mGreeting Load (0.5ms)[0m  [1m[34mSELECT "greetings".* FROM "greetings" ORDER BY RANDOM() LIMIT $1[0m  [["LIMIT", 1]]
  ↳ app/controllers/api/greetings_controller.rb:3:in `index'
Completed 200 OK in 3ms (Views: 0.2ms | ActiveRecord: 0.5ms | Allocations: 662)


Started GET "/api/greeting" for 127.0.0.1 at 2022-03-15 18:56:17 +0200
Processing by Api::GreetingsController#index as JSON
  [1m[36mGreeting Load (0.4ms)[0m  [1m[34mSELECT "greetings".* FROM "greetings" ORDER BY RANDOM() LIMIT $1[0m  [["LIMIT", 1]]
  ↳ app/controllers/api/greetings_controller.rb:3:in `index'
Completed 200 OK in 2ms (Views: 0.1ms | ActiveRecord: 0.4ms | Allocations: 661)


Started GET "/api/greeting" for 127.0.0.1 at 2022-03-15 18:56:18 +0200
Processing by Api::GreetingsController#index as JSON
  [1m[36mGreeting Load (0.9ms)[0m  [1m[34mSELECT "greetings".* FROM "greetings" ORDER BY RANDOM() LIMIT $1[0m  [["LIMIT", 1]]
  ↳ app/controllers/api/greetings_controller.rb:3:in `index'
Completed 200 OK in 5ms (Views: 0.3ms | ActiveRecord: 0.9ms | Allocations: 661)


Started GET "/api/greeting" for 127.0.0.1 at 2022-03-15 18:56:19 +0200
Processing by Api::GreetingsController#index as JSON
  [1m[36mGreeting Load (0.9ms)[0m  [1m[34mSELECT "greetings".* FROM "greetings" ORDER BY RANDOM() LIMIT $1[0m  [["LIMIT", 1]]
  ↳ app/controllers/api/greetings_controller.rb:3:in `index'
Completed 200 OK in 6ms (Views: 0.3ms | ActiveRecord: 0.9ms | Allocations: 661)


Started GET "/api/greeting" for 127.0.0.1 at 2022-03-15 18:56:21 +0200
Processing by Api::GreetingsController#index as JSON
  [1m[36mGreeting Load (1.9ms)[0m  [1m[34mSELECT "greetings".* FROM "greetings" ORDER BY RANDOM() LIMIT $1[0m  [["LIMIT", 1]]
  ↳ app/controllers/api/greetings_controller.rb:3:in `index'
Completed 200 OK in 12ms (Views: 0.7ms | ActiveRecord: 1.9ms | Allocations: 661)


Started GET "/api/greeting" for 127.0.0.1 at 2022-03-15 18:56:22 +0200
Processing by Api::GreetingsController#index as JSON
  [1m[36mGreeting Load (1.3ms)[0m  [1m[34mSELECT "greetings".* FROM "greetings" ORDER BY RANDOM() LIMIT $1[0m  [["LIMIT", 1]]
  ↳ app/controllers/api/greetings_controller.rb:3:in `index'
Completed 200 OK in 12ms (Views: 0.8ms | ActiveRecord: 1.3ms | Allocations: 661)


Started GET "/api/greeting" for 127.0.0.1 at 2022-03-15 18:56:23 +0200
Processing by Api::GreetingsController#index as JSON
  [1m[36mGreeting Load (1.5ms)[0m  [1m[34mSELECT "greetings".* FROM "greetings" ORDER BY RANDOM() LIMIT $1[0m  [["LIMIT", 1]]
  ↳ app/controllers/api/greetings_controller.rb:3:in `index'
Completed 200 OK in 13ms (Views: 0.5ms | ActiveRecord: 1.5ms | Allocations: 661)


Started GET "/api/greeting" for 127.0.0.1 at 2022-03-15 18:56:24 +0200
Processing by Api::GreetingsController#index as JSON
  [1m[36mGreeting Load (1.5ms)[0m  [1m[34mSELECT "greetings".* FROM "greetings" ORDER BY RANDOM() LIMIT $1[0m  [["LIMIT", 1]]
  ↳ app/controllers/api/greetings_controller.rb:3:in `index'
Completed 200 OK in 9ms (Views: 0.7ms | ActiveRecord: 1.5ms | Allocations: 661)


Started GET "/api/greeting" for 127.0.0.1 at 2022-03-15 18:56:25 +0200
Processing by Api::GreetingsController#index as JSON
  [1m[36mGreeting Load (0.5ms)[0m  [1m[34mSELECT "greetings".* FROM "greetings" ORDER BY RANDOM() LIMIT $1[0m  [["LIMIT", 1]]
  ↳ app/controllers/api/greetings_controller.rb:3:in `index'
Completed 200 OK in 3ms (Views: 0.2ms | ActiveRecord: 0.5ms | Allocations: 661)


Started GET "/api/greeting" for 127.0.0.1 at 2022-03-15 18:56:26 +0200
Processing by Api::GreetingsController#index as JSON
  [1m[36mGreeting Load (0.5ms)[0m  [1m[34mSELECT "greetings".* FROM "greetings" ORDER BY RANDOM() LIMIT $1[0m  [["LIMIT", 1]]
  ↳ app/controllers/api/greetings_controller.rb:3:in `index'
Completed 200 OK in 3ms (Views: 0.2ms | ActiveRecord: 0.5ms | Allocations: 662)


Started GET "/api/greeting" for 127.0.0.1 at 2022-03-15 18:56:27 +0200
Processing by Api::GreetingsController#index as JSON
  [1m[36mGreeting Load (0.4ms)[0m  [1m[34mSELECT "greetings".* FROM "greetings" ORDER BY RANDOM() LIMIT $1[0m  [["LIMIT", 1]]
  ↳ app/controllers/api/greetings_controller.rb:3:in `index'
Completed 200 OK in 3ms (Views: 0.2ms | ActiveRecord: 0.4ms | Allocations: 662)


Started GET "/api/greeting" for ::1 at 2022-03-15 18:57:34 +0200
Processing by Api::GreetingsController#index as HTML
  [1m[36mGreeting Load (0.5ms)[0m  [1m[34mSELECT "greetings".* FROM "greetings" ORDER BY RANDOM() LIMIT $1[0m  [["LIMIT", 1]]
  ↳ app/controllers/api/greetings_controller.rb:3:in `index'
Completed 200 OK in 9ms (Views: 0.4ms | ActiveRecord: 3.3ms | Allocations: 2865)


Started GET "/api/greeting" for ::1 at 2022-03-15 18:57:38 +0200
Processing by Api::GreetingsController#index as HTML
  [1m[36mGreeting Load (0.5ms)[0m  [1m[34mSELECT "greetings".* FROM "greetings" ORDER BY RANDOM() LIMIT $1[0m  [["LIMIT", 1]]
  ↳ app/controllers/api/greetings_controller.rb:3:in `index'
Completed 200 OK in 12ms (Views: 0.2ms | ActiveRecord: 0.5ms | Allocations: 679)


Started GET "/api/greeting" for ::1 at 2022-03-15 18:57:40 +0200
Processing by Api::GreetingsController#index as HTML
  [1m[36mGreeting Load (0.9ms)[0m  [1m[34mSELECT "greetings".* FROM "greetings" ORDER BY RANDOM() LIMIT $1[0m  [["LIMIT", 1]]
  ↳ app/controllers/api/greetings_controller.rb:3:in `index'
Completed 200 OK in 5ms (Views: 0.2ms | ActiveRecord: 0.9ms | Allocations: 664)


Started GET "/api/greeting" for ::1 at 2022-03-15 18:57:43 +0200
Processing by Api::GreetingsController#index as HTML
  [1m[36mGreeting Load (0.4ms)[0m  [1m[34mSELECT "greetings".* FROM "greetings" ORDER BY RANDOM() LIMIT $1[0m  [["LIMIT", 1]]
  ↳ app/controllers/api/greetings_controller.rb:3:in `index'
Completed 200 OK in 3ms (Views: 0.4ms | ActiveRecord: 0.4ms | Allocations: 663)


Started GET "/api/greeting" for ::1 at 2022-03-15 18:57:45 +0200
Processing by Api::GreetingsController#index as HTML
  [1m[36mGreeting Load (0.5ms)[0m  [1m[34mSELECT "greetings".* FROM "greetings" ORDER BY RANDOM() LIMIT $1[0m  [["LIMIT", 1]]
  ↳ app/controllers/api/greetings_controller.rb:3:in `index'
Completed 200 OK in 3ms (Views: 0.2ms | ActiveRecord: 0.5ms | Allocations: 663)


Started GET "/api/greeting" for ::1 at 2022-03-15 18:57:49 +0200
Processing by Api::GreetingsController#index as HTML
  [1m[36mGreeting Load (0.6ms)[0m  [1m[34mSELECT "greetings".* FROM "greetings" ORDER BY RANDOM() LIMIT $1[0m  [["LIMIT", 1]]
  ↳ app/controllers/api/greetings_controller.rb:3:in `index'
Completed 200 OK in 4ms (Views: 0.5ms | ActiveRecord: 0.6ms | Allocations: 663)


Started GET "/api/greeting" for ::1 at 2022-03-15 18:58:17 +0200
Processing by Api::GreetingsController#index as HTML
  [1m[36mGreeting Load (1.5ms)[0m  [1m[34mSELECT "greetings".* FROM "greetings" ORDER BY RANDOM() LIMIT $1[0m  [["LIMIT", 1]]
  ↳ app/controllers/api/greetings_controller.rb:3:in `index'
Completed 200 OK in 11ms (Views: 0.6ms | ActiveRecord: 1.5ms | Allocations: 664)


Started GET "/api/greeting" for ::1 at 2022-03-15 18:58:20 +0200
Processing by Api::GreetingsController#index as HTML
  [1m[36mGreeting Load (1.6ms)[0m  [1m[34mSELECT "greetings".* FROM "greetings" ORDER BY RANDOM() LIMIT $1[0m  [["LIMIT", 1]]
  ↳ app/controllers/api/greetings_controller.rb:3:in `index'
Completed 200 OK in 12ms (Views: 0.6ms | ActiveRecord: 1.6ms | Allocations: 663)


Started GET "/api/greeting" for ::1 at 2022-03-15 18:58:21 +0200
Processing by Api::GreetingsController#index as HTML
  [1m[36mGreeting Load (1.3ms)[0m  [1m[34mSELECT "greetings".* FROM "greetings" ORDER BY RANDOM() LIMIT $1[0m  [["LIMIT", 1]]
  ↳ app/controllers/api/greetings_controller.rb:3:in `index'
Completed 200 OK in 10ms (Views: 0.8ms | ActiveRecord: 1.3ms | Allocations: 663)


Started GET "/api/greeting" for 127.0.0.1 at 2022-03-15 18:58:35 +0200
Processing by Api::GreetingsController#index as */*
  [1m[36mGreeting Load (0.3ms)[0m  [1m[34mSELECT "greetings".* FROM "greetings" ORDER BY RANDOM() LIMIT $1[0m  [["LIMIT", 1]]
  ↳ app/controllers/api/greetings_controller.rb:3:in `index'
Completed 200 OK in 2ms (Views: 0.2ms | ActiveRecord: 0.3ms | Allocations: 671)


Started GET "/api/greeting" for 127.0.0.1 at 2022-03-15 18:58:36 +0200
Processing by Api::GreetingsController#index as */*
  [1m[36mGreeting Load (0.3ms)[0m  [1m[34mSELECT "greetings".* FROM "greetings" ORDER BY RANDOM() LIMIT $1[0m  [["LIMIT", 1]]
  ↳ app/controllers/api/greetings_controller.rb:3:in `index'
Completed 200 OK in 3ms (Views: 0.2ms | ActiveRecord: 0.3ms | Allocations: 668)


Started GET "/api/greeting" for 127.0.0.1 at 2022-03-15 18:58:37 +0200
Processing by Api::GreetingsController#index as */*
  [1m[36mGreeting Load (0.9ms)[0m  [1m[34mSELECT "greetings".* FROM "greetings" ORDER BY RANDOM() LIMIT $1[0m  [["LIMIT", 1]]
  ↳ app/controllers/api/greetings_controller.rb:3:in `index'
Completed 200 OK in 7ms (Views: 0.5ms | ActiveRecord: 0.9ms | Allocations: 668)


Started GET "/api/greeting" for 127.0.0.1 at 2022-03-15 18:58:38 +0200
Processing by Api::GreetingsController#index as */*
  [1m[36mGreeting Load (0.6ms)[0m  [1m[34mSELECT "greetings".* FROM "greetings" ORDER BY RANDOM() LIMIT $1[0m  [["LIMIT", 1]]
  ↳ app/controllers/api/greetings_controller.rb:3:in `index'
Completed 200 OK in 3ms (Views: 0.2ms | ActiveRecord: 0.6ms | Allocations: 668)


Started GET "/api/greeting" for 127.0.0.1 at 2022-03-15 18:58:39 +0200
Processing by Api::GreetingsController#index as */*
  [1m[36mGreeting Load (0.3ms)[0m  [1m[34mSELECT "greetings".* FROM "greetings" ORDER BY RANDOM() LIMIT $1[0m  [["LIMIT", 1]]
  ↳ app/controllers/api/greetings_controller.rb:3:in `index'
Completed 200 OK in 2ms (Views: 0.2ms | ActiveRecord: 0.3ms | Allocations: 668)


Started GET "/api/greeting" for 127.0.0.1 at 2022-03-15 18:58:40 +0200
Processing by Api::GreetingsController#index as */*
  [1m[36mGreeting Load (0.5ms)[0m  [1m[34mSELECT "greetings".* FROM "greetings" ORDER BY RANDOM() LIMIT $1[0m  [["LIMIT", 1]]
  ↳ app/controllers/api/greetings_controller.rb:3:in `index'
Completed 200 OK in 3ms (Views: 0.2ms | ActiveRecord: 0.5ms | Allocations: 668)


Started GET "/api/greeting" for 127.0.0.1 at 2022-03-15 18:58:41 +0200
Processing by Api::GreetingsController#index as */*
  [1m[36mGreeting Load (0.4ms)[0m  [1m[34mSELECT "greetings".* FROM "greetings" ORDER BY RANDOM() LIMIT $1[0m  [["LIMIT", 1]]
  ↳ app/controllers/api/greetings_controller.rb:3:in `index'
Completed 200 OK in 2ms (Views: 0.2ms | ActiveRecord: 0.4ms | Allocations: 668)


Started GET "/api/greeting" for 127.0.0.1 at 2022-03-15 18:58:43 +0200
Processing by Api::GreetingsController#index as */*
  [1m[36mGreeting Load (1.6ms)[0m  [1m[34mSELECT "greetings".* FROM "greetings" ORDER BY RANDOM() LIMIT $1[0m  [["LIMIT", 1]]
  ↳ app/controllers/api/greetings_controller.rb:3:in `index'
Completed 200 OK in 13ms (Views: 0.9ms | ActiveRecord: 1.6ms | Allocations: 668)


Started GET "/api/greeting" for 127.0.0.1 at 2022-03-15 18:58:44 +0200
Processing by Api::GreetingsController#index as */*
  [1m[36mGreeting Load (1.3ms)[0m  [1m[34mSELECT "greetings".* FROM "greetings" ORDER BY RANDOM() LIMIT $1[0m  [["LIMIT", 1]]
  ↳ app/controllers/api/greetings_controller.rb:3:in `index'
Completed 200 OK in 11ms (Views: 0.5ms | ActiveRecord: 1.3ms | Allocations: 668)


  [1m[36mActiveRecord::SchemaMigration Pluck (0.5ms)[0m  [1m[34mSELECT "schema_migrations"."version" FROM "schema_migrations" ORDER BY "schema_migrations"."version" ASC[0m
  [1m[36mActiveRecord::InternalMetadata Pluck (0.4ms)[0m  [1m[34mSELECT "ar_internal_metadata"."value" FROM "ar_internal_metadata" WHERE "ar_internal_metadata"."key" = $1 LIMIT $2[0m  [["key", "environment"], ["LIMIT", 1]]
  [1m[36mActiveRecord::SchemaMigration Pluck (0.3ms)[0m  [1m[34mSELECT "schema_migrations"."version" FROM "schema_migrations" ORDER BY "schema_migrations"."version" ASC[0m
  [1m[36mActiveRecord::InternalMetadata Pluck (0.3ms)[0m  [1m[34mSELECT "ar_internal_metadata"."value" FROM "ar_internal_metadata" WHERE "ar_internal_metadata"."key" = $1 LIMIT $2[0m  [["key", "environment"], ["LIMIT", 1]]
  [1m[36mActiveRecord::SchemaMigration Pluck (0.3ms)[0m  [1m[34mSELECT "schema_migrations"."version" FROM "schema_migrations" ORDER BY "schema_migrations"."version" ASC[0m
  [1m[36mActiveRecord::InternalMetadata Pluck (0.3ms)[0m  [1m[34mSELECT "ar_internal_metadata"."value" FROM "ar_internal_metadata" WHERE "ar_internal_metadata"."key" = $1 LIMIT $2[0m  [["key", "environment"], ["LIMIT", 1]]
  [1m[35m (293.2ms)[0m  [1m[35mDROP DATABASE IF EXISTS "Kambelis_backend_development"[0m
  [1m[35m (359.6ms)[0m  [1m[35mDROP DATABASE IF EXISTS "Kambelis_backend_test"[0m
  [1m[35m (903.4ms)[0m  [1m[35mCREATE DATABASE "Kambelis_backend_development" ENCODING = 'unicode'[0m
  [1m[35m (816.0ms)[0m  [1m[35mCREATE DATABASE "Kambelis_backend_test" ENCODING = 'unicode'[0m
  [1m[35mSQL (1.4ms)[0m  [1m[35mCREATE EXTENSION IF NOT EXISTS "plpgsql"[0m
  [1m[35m (0.9ms)[0m  [1m[35mDROP TABLE IF EXISTS "greetings" CASCADE[0m
  [1m[35m (253.2ms)[0m  [1m[35mCREATE TABLE "greetings" ("id" bigserial primary key, "message" character varying, "created_at" timestamp(6) NOT NULL, "updated_at" timestamp(6) NOT NULL)[0m
  [1m[35m (126.0ms)[0m  [1m[35mCREATE TABLE "schema_migrations" ("version" character varying NOT NULL PRIMARY KEY)[0m
  [1m[36mActiveRecord::SchemaMigration Pluck (1.8ms)[0m  [1m[34mSELECT "schema_migrations"."version" FROM "schema_migrations" ORDER BY "schema_migrations"."version" ASC[0m
  [1m[35m (9.7ms)[0m  [1m[32mINSERT INTO "schema_migrations" (version) VALUES (20220315164344)[0m
  [1m[35m (138.4ms)[0m  [1m[35mCREATE TABLE "ar_internal_metadata" ("key" character varying NOT NULL PRIMARY KEY, "value" character varying, "created_at" timestamp(6) NOT NULL, "updated_at" timestamp(6) NOT NULL)[0m
  [1m[36mActiveRecord::InternalMetadata Load (1.2ms)[0m  [1m[34mSELECT "ar_internal_metadata".* FROM "ar_internal_metadata" WHERE "ar_internal_metadata"."key" = $1 LIMIT $2[0m  [["key", "environment"], ["LIMIT", 1]]
  [1m[36mTRANSACTION (0.2ms)[0m  [1m[35mBEGIN[0m
  [1m[36mActiveRecord::InternalMetadata Create (0.6ms)[0m  [1m[32mINSERT INTO "ar_internal_metadata" ("key", "value", "created_at", "updated_at") VALUES ($1, $2, $3, $4) RETURNING "key"[0m  [["key", "environment"], ["value", "development"], ["created_at", "2022-03-15 16:59:22.656228"], ["updated_at", "2022-03-15 16:59:22.656228"]]
  [1m[36mTRANSACTION (4.4ms)[0m  [1m[35mCOMMIT[0m
  [1m[36mActiveRecord::InternalMetadata Load (0.2ms)[0m  [1m[34mSELECT "ar_internal_metadata".* FROM "ar_internal_metadata" WHERE "ar_internal_metadata"."key" = $1 LIMIT $2[0m  [["key", "environment"], ["LIMIT", 1]]
  [1m[36mActiveRecord::InternalMetadata Load (0.3ms)[0m  [1m[34mSELECT "ar_internal_metadata".* FROM "ar_internal_metadata" WHERE "ar_internal_metadata"."key" = $1 LIMIT $2[0m  [["key", "schema_sha1"], ["LIMIT", 1]]
  [1m[36mTRANSACTION (0.1ms)[0m  [1m[35mBEGIN[0m
  [1m[36mActiveRecord::InternalMetadata Create (0.2ms)[0m  [1m[32mINSERT INTO "ar_internal_metadata" ("key", "value", "created_at", "updated_at") VALUES ($1, $2, $3, $4) RETURNING "key"[0m  [["key", "schema_sha1"], ["value", "61bfacb62374d2fd44e0903e7dde848b20e6404c"], ["created_at", "2022-03-15 16:59:22.672571"], ["updated_at", "2022-03-15 16:59:22.672571"]]
  [1m[36mTRANSACTION (2.6ms)[0m  [1m[35mCOMMIT[0m
  [1m[35mSQL (0.4ms)[0m  [1m[35mCREATE EXTENSION IF NOT EXISTS "plpgsql"[0m
  [1m[35m (0.2ms)[0m  [1m[35mDROP TABLE IF EXISTS "greetings" CASCADE[0m
  [1m[35m (250.7ms)[0m  [1m[35mCREATE TABLE "greetings" ("id" bigserial primary key, "message" character varying, "created_at" timestamp(6) NOT NULL, "updated_at" timestamp(6) NOT NULL)[0m
  [1m[35m (109.9ms)[0m  [1m[35mCREATE TABLE "schema_migrations" ("version" character varying NOT NULL PRIMARY KEY)[0m
  [1m[36mActiveRecord::SchemaMigration Pluck (2.1ms)[0m  [1m[34mSELECT "schema_migrations"."version" FROM "schema_migrations" ORDER BY "schema_migrations"."version" ASC[0m
  [1m[35m (6.9ms)[0m  [1m[32mINSERT INTO "schema_migrations" (version) VALUES (20220315164344)[0m
  [1m[35m (149.1ms)[0m  [1m[35mCREATE TABLE "ar_internal_metadata" ("key" character varying NOT NULL PRIMARY KEY, "value" character varying, "created_at" timestamp(6) NOT NULL, "updated_at" timestamp(6) NOT NULL)[0m
  [1m[36mActiveRecord::InternalMetadata Load (1.2ms)[0m  [1m[34mSELECT "ar_internal_metadata".* FROM "ar_internal_metadata" WHERE "ar_internal_metadata"."key" = $1 LIMIT $2[0m  [["key", "environment"], ["LIMIT", 1]]
  [1m[36mTRANSACTION (0.5ms)[0m  [1m[35mBEGIN[0m
  [1m[36mActiveRecord::InternalMetadata Create (1.7ms)[0m  [1m[32mINSERT INTO "ar_internal_metadata" ("key", "value", "created_at", "updated_at") VALUES ($1, $2, $3, $4) RETURNING "key"[0m  [["key", "environment"], ["value", "development"], ["created_at", "2022-03-15 16:59:23.283712"], ["updated_at", "2022-03-15 16:59:23.283712"]]
  [1m[36mTRANSACTION (3.4ms)[0m  [1m[35mCOMMIT[0m
  [1m[36mActiveRecord::InternalMetadata Load (1.0ms)[0m  [1m[34mSELECT "ar_internal_metadata".* FROM "ar_internal_metadata" WHERE "ar_internal_metadata"."key" = $1 LIMIT $2[0m  [["key", "environment"], ["LIMIT", 1]]
  [1m[36mTRANSACTION (0.4ms)[0m  [1m[35mBEGIN[0m
  [1m[36mActiveRecord::InternalMetadata Update (0.6ms)[0m  [1m[33mUPDATE "ar_internal_metadata" SET "value" = $1, "updated_at" = $2 WHERE "ar_internal_metadata"."key" = $3[0m  [["value", "test"], ["updated_at", "2022-03-15 16:59:23.315422"], ["key", "environment"]]
  [1m[36mTRANSACTION (12.6ms)[0m  [1m[35mCOMMIT[0m
  [1m[36mActiveRecord::InternalMetadata Load (0.4ms)[0m  [1m[34mSELECT "ar_internal_metadata".* FROM "ar_internal_metadata" WHERE "ar_internal_metadata"."key" = $1 LIMIT $2[0m  [["key", "schema_sha1"], ["LIMIT", 1]]
  [1m[36mTRANSACTION (0.3ms)[0m  [1m[35mBEGIN[0m
  [1m[36mActiveRecord::InternalMetadata Create (0.5ms)[0m  [1m[32mINSERT INTO "ar_internal_metadata" ("key", "value", "created_at", "updated_at") VALUES ($1, $2, $3, $4) RETURNING "key"[0m  [["key", "schema_sha1"], ["value", "61bfacb62374d2fd44e0903e7dde848b20e6404c"], ["created_at", "2022-03-15 16:59:23.338843"], ["updated_at", "2022-03-15 16:59:23.338843"]]
  [1m[36mTRANSACTION (3.2ms)[0m  [1m[35mCOMMIT[0m
  [1m[36mActiveRecord::SchemaMigration Pluck (0.5ms)[0m  [1m[34mSELECT "schema_migrations"."version" FROM "schema_migrations" ORDER BY "schema_migrations"."version" ASC[0m
  [1m[36mTRANSACTION (0.1ms)[0m  [1m[35mBEGIN[0m
  [1m[36mGreeting Create (0.6ms)[0m  [1m[32mINSERT INTO "greetings" ("message", "created_at", "updated_at") VALUES ($1, $2, $3) RETURNING "id"[0m  [["message", "Hello Kambelis"], ["created_at", "2022-03-15 16:59:23.390718"], ["updated_at", "2022-03-15 16:59:23.390718"]]
  [1m[36mTRANSACTION (30.2ms)[0m  [1m[35mCOMMIT[0m
  [1m[36mTRANSACTION (0.3ms)[0m  [1m[35mBEGIN[0m
  [1m[36mGreeting Create (0.4ms)[0m  [1m[32mINSERT INTO "greetings" ("message", "created_at", "updated_at") VALUES ($1, $2, $3) RETURNING "id"[0m  [["message", "Hi Kambelis!"], ["created_at", "2022-03-15 16:59:23.425627"], ["updated_at", "2022-03-15 16:59:23.425627"]]
  [1m[36mTRANSACTION (5.8ms)[0m  [1m[35mCOMMIT[0m
  [1m[36mTRANSACTION (0.3ms)[0m  [1m[35mBEGIN[0m
  [1m[36mGreeting Create (0.4ms)[0m  [1m[32mINSERT INTO "greetings" ("message", "created_at", "updated_at") VALUES ($1, $2, $3) RETURNING "id"[0m  [["message", "What's going on Kambelis!"], ["created_at", "2022-03-15 16:59:23.436650"], ["updated_at", "2022-03-15 16:59:23.436650"]]
  [1m[36mTRANSACTION (5.9ms)[0m  [1m[35mCOMMIT[0m
  [1m[36mTRANSACTION (0.2ms)[0m  [1m[35mBEGIN[0m
  [1m[36mGreeting Create (0.5ms)[0m  [1m[32mINSERT INTO "greetings" ("message", "created_at", "updated_at") VALUES ($1, $2, $3) RETURNING "id"[0m  [["message", "What's up Kambelis!"], ["created_at", "2022-03-15 16:59:23.447629"], ["updated_at", "2022-03-15 16:59:23.447629"]]
  [1m[36mTRANSACTION (6.0ms)[0m  [1m[35mCOMMIT[0m
  [1m[36mTRANSACTION (0.2ms)[0m  [1m[35mBEGIN[0m
  [1m[36mGreeting Create (0.4ms)[0m  [1m[32mINSERT INTO "greetings" ("message", "created_at", "updated_at") VALUES ($1, $2, $3) RETURNING "id"[0m  [["message", "How do you do Kambelis!"], ["created_at", "2022-03-15 16:59:23.458828"], ["updated_at", "2022-03-15 16:59:23.458828"]]
  [1m[36mTRANSACTION (6.3ms)[0m  [1m[35mCOMMIT[0m
  [1m[35m (0.3ms)[0m  [1m[34mSELECT pg_try_advisory_lock(6135436634859846615)[0m
  [1m[36mActiveRecord::SchemaMigration Pluck (0.6ms)[0m  [1m[34mSELECT "schema_migrations"."version" FROM "schema_migrations" ORDER BY "schema_migrations"."version" ASC[0m
  [1m[36mActiveRecord::InternalMetadata Load (0.3ms)[0m  [1m[34mSELECT "ar_internal_metadata".* FROM "ar_internal_metadata" WHERE "ar_internal_metadata"."key" = $1 LIMIT $2[0m  [["key", "environment"], ["LIMIT", 1]]
  [1m[35m (0.4ms)[0m  [1m[34mSELECT pg_advisory_unlock(6135436634859846615)[0m
  [1m[36mActiveRecord::SchemaMigration Pluck (0.5ms)[0m  [1m[34mSELECT "schema_migrations"."version" FROM "schema_migrations" ORDER BY "schema_migrations"."version" ASC[0m
  [1m[36mActiveRecord::SchemaMigration Pluck (0.8ms)[0m  [1m[34mSELECT "schema_migrations"."version" FROM "schema_migrations" ORDER BY "schema_migrations"."version" ASC[0m
  [1m[36mTRANSACTION (0.3ms)[0m  [1m[35mBEGIN[0m
  [1m[36mGreeting Create (0.5ms)[0m  [1m[32mINSERT INTO "greetings" ("message", "created_at", "updated_at") VALUES ($1, $2, $3) RETURNING "id"[0m  [["message", "Hello Kambelis"], ["created_at", "2022-03-15 16:59:38.857282"], ["updated_at", "2022-03-15 16:59:38.857282"]]
  [1m[36mTRANSACTION (19.5ms)[0m  [1m[35mCOMMIT[0m
  [1m[36mTRANSACTION (0.3ms)[0m  [1m[35mBEGIN[0m
  [1m[36mGreeting Create (0.4ms)[0m  [1m[32mINSERT INTO "greetings" ("message", "created_at", "updated_at") VALUES ($1, $2, $3) RETURNING "id"[0m  [["message", "Hi Kambelis!"], ["created_at", "2022-03-15 16:59:38.881297"], ["updated_at", "2022-03-15 16:59:38.881297"]]
  [1m[36mTRANSACTION (7.3ms)[0m  [1m[35mCOMMIT[0m
  [1m[36mTRANSACTION (0.3ms)[0m  [1m[35mBEGIN[0m
  [1m[36mGreeting Create (0.4ms)[0m  [1m[32mINSERT INTO "greetings" ("message", "created_at", "updated_at") VALUES ($1, $2, $3) RETURNING "id"[0m  [["message", "What's going on Kambelis!"], ["created_at", "2022-03-15 16:59:38.892413"], ["updated_at", "2022-03-15 16:59:38.892413"]]
  [1m[36mTRANSACTION (7.4ms)[0m  [1m[35mCOMMIT[0m
  [1m[36mTRANSACTION (0.3ms)[0m  [1m[35mBEGIN[0m
  [1m[36mGreeting Create (0.4ms)[0m  [1m[32mINSERT INTO "greetings" ("message", "created_at", "updated_at") VALUES ($1, $2, $3) RETURNING "id"[0m  [["message", "What's up Kambelis!"], ["created_at", "2022-03-15 16:59:38.903717"], ["updated_at", "2022-03-15 16:59:38.903717"]]
  [1m[36mTRANSACTION (7.0ms)[0m  [1m[35mCOMMIT[0m
  [1m[36mTRANSACTION (0.3ms)[0m  [1m[35mBEGIN[0m
  [1m[36mGreeting Create (0.3ms)[0m  [1m[32mINSERT INTO "greetings" ("message", "created_at", "updated_at") VALUES ($1, $2, $3) RETURNING "id"[0m  [["message", "How do you do Kambelis!"], ["created_at", "2022-03-15 16:59:38.914713"], ["updated_at", "2022-03-15 16:59:38.914713"]]
  [1m[36mTRANSACTION (7.4ms)[0m  [1m[35mCOMMIT[0m
Started GET "/api/greeting" for ::1 at 2022-03-15 19:01:18 +0200
  [1m[36mActiveRecord::SchemaMigration Pluck (0.5ms)[0m  [1m[34mSELECT "schema_migrations"."version" FROM "schema_migrations" ORDER BY "schema_migrations"."version" ASC[0m
Processing by Api::GreetingsController#index as HTML
  [1m[36mGreeting Load (0.7ms)[0m  [1m[34mSELECT "greetings".* FROM "greetings" ORDER BY RANDOM() LIMIT $1[0m  [["LIMIT", 1]]
  ↳ app/controllers/api/greetings_controller.rb:3:in `index'
Completed 200 OK in 21ms (Views: 0.2ms | ActiveRecord: 4.2ms | Allocations: 19130)


Started GET "/api/greeting" for ::1 at 2022-03-15 19:01:20 +0200
Processing by Api::GreetingsController#index as HTML
  [1m[36mGreeting Load (1.2ms)[0m  [1m[34mSELECT "greetings".* FROM "greetings" ORDER BY RANDOM() LIMIT $1[0m  [["LIMIT", 1]]
  ↳ app/controllers/api/greetings_controller.rb:3:in `index'
Completed 200 OK in 10ms (Views: 0.8ms | ActiveRecord: 1.2ms | Allocations: 802)


Started GET "/api/greeting" for ::1 at 2022-03-15 19:01:22 +0200
Processing by Api::GreetingsController#index as HTML
  [1m[36mGreeting Load (0.6ms)[0m  [1m[34mSELECT "greetings".* FROM "greetings" ORDER BY RANDOM() LIMIT $1[0m  [["LIMIT", 1]]
  ↳ app/controllers/api/greetings_controller.rb:3:in `index'
Completed 200 OK in 4ms (Views: 0.3ms | ActiveRecord: 0.6ms | Allocations: 680)


Started GET "/api/greeting" for ::1 at 2022-03-15 19:01:23 +0200
Processing by Api::GreetingsController#index as HTML
  [1m[36mGreeting Load (0.3ms)[0m  [1m[34mSELECT "greetings".* FROM "greetings" ORDER BY RANDOM() LIMIT $1[0m  [["LIMIT", 1]]
  ↳ app/controllers/api/greetings_controller.rb:3:in `index'
Completed 200 OK in 2ms (Views: 0.1ms | ActiveRecord: 0.3ms | Allocations: 679)


Started GET "/api/greeting" for ::1 at 2022-03-15 19:01:24 +0200
Processing by Api::GreetingsController#index as HTML
  [1m[36mGreeting Load (0.7ms)[0m  [1m[34mSELECT "greetings".* FROM "greetings" ORDER BY RANDOM() LIMIT $1[0m  [["LIMIT", 1]]
  ↳ app/controllers/api/greetings_controller.rb:3:in `index'
Completed 200 OK in 7ms (Views: 0.4ms | ActiveRecord: 0.7ms | Allocations: 679)


Started GET "/api/greeting" for ::1 at 2022-03-15 19:01:25 +0200
Processing by Api::GreetingsController#index as HTML
  [1m[36mGreeting Load (0.4ms)[0m  [1m[34mSELECT "greetings".* FROM "greetings" ORDER BY RANDOM() LIMIT $1[0m  [["LIMIT", 1]]
  ↳ app/controllers/api/greetings_controller.rb:3:in `index'
Completed 200 OK in 2ms (Views: 0.1ms | ActiveRecord: 0.4ms | Allocations: 663)


Started GET "/api/greeting" for ::1 at 2022-03-15 19:01:26 +0200
Processing by Api::GreetingsController#index as HTML
  [1m[36mGreeting Load (0.3ms)[0m  [1m[34mSELECT "greetings".* FROM "greetings" ORDER BY RANDOM() LIMIT $1[0m  [["LIMIT", 1]]
  ↳ app/controllers/api/greetings_controller.rb:3:in `index'
Completed 200 OK in 2ms (Views: 0.1ms | ActiveRecord: 0.3ms | Allocations: 663)


Started GET "/api/greeting" for ::1 at 2022-03-15 19:01:27 +0200
Processing by Api::GreetingsController#index as HTML
  [1m[36mGreeting Load (1.4ms)[0m  [1m[34mSELECT "greetings".* FROM "greetings" ORDER BY RANDOM() LIMIT $1[0m  [["LIMIT", 1]]
  ↳ app/controllers/api/greetings_controller.rb:3:in `index'
Completed 200 OK in 13ms (Views: 0.8ms | ActiveRecord: 1.4ms | Allocations: 663)


Started GET "/api/greeting" for 127.0.0.1 at 2022-03-15 19:02:14 +0200
Processing by Api::GreetingsController#index as */*
  [1m[36mGreeting Load (5.1ms)[0m  [1m[34mSELECT "greetings".* FROM "greetings" ORDER BY RANDOM() LIMIT $1[0m  [["LIMIT", 1]]
  ↳ app/controllers/api/greetings_controller.rb:3:in `index'
Completed 200 OK in 8ms (Views: 0.2ms | ActiveRecord: 5.1ms | Allocations: 671)


Started GET "/api/greeting" for 127.0.0.1 at 2022-03-15 19:02:16 +0200
Processing by Api::GreetingsController#index as */*
  [1m[36mGreeting Load (1.2ms)[0m  [1m[34mSELECT "greetings".* FROM "greetings" ORDER BY RANDOM() LIMIT $1[0m  [["LIMIT", 1]]
  ↳ app/controllers/api/greetings_controller.rb:3:in `index'
Completed 200 OK in 8ms (Views: 0.5ms | ActiveRecord: 1.2ms | Allocations: 668)


Started GET "/api/greeting" for 127.0.0.1 at 2022-03-15 19:02:16 +0200
Processing by Api::GreetingsController#index as */*
  [1m[36mGreeting Load (1.6ms)[0m  [1m[34mSELECT "greetings".* FROM "greetings" ORDER BY RANDOM() LIMIT $1[0m  [["LIMIT", 1]]
  ↳ app/controllers/api/greetings_controller.rb:3:in `index'
Completed 200 OK in 12ms (Views: 0.7ms | ActiveRecord: 1.6ms | Allocations: 668)


Started GET "/api/greeting" for 127.0.0.1 at 2022-03-15 19:02:18 +0200
Processing by Api::GreetingsController#index as */*
  [1m[36mGreeting Load (2.1ms)[0m  [1m[34mSELECT "greetings".* FROM "greetings" ORDER BY RANDOM() LIMIT $1[0m  [["LIMIT", 1]]
  ↳ app/controllers/api/greetings_controller.rb:3:in `index'
Completed 200 OK in 14ms (Views: 2.3ms | ActiveRecord: 2.1ms | Allocations: 668)


Started GET "/api/greeting" for 127.0.0.1 at 2022-03-15 19:02:19 +0200
Processing by Api::GreetingsController#index as */*
  [1m[36mGreeting Load (1.5ms)[0m  [1m[34mSELECT "greetings".* FROM "greetings" ORDER BY RANDOM() LIMIT $1[0m  [["LIMIT", 1]]
  ↳ app/controllers/api/greetings_controller.rb:3:in `index'
Completed 200 OK in 10ms (Views: 0.8ms | ActiveRecord: 1.5ms | Allocations: 669)


Started GET "/api/greeting" for 127.0.0.1 at 2022-03-15 19:02:20 +0200
Processing by Api::GreetingsController#index as */*
  [1m[36mGreeting Load (0.6ms)[0m  [1m[34mSELECT "greetings".* FROM "greetings" ORDER BY RANDOM() LIMIT $1[0m  [["LIMIT", 1]]
  ↳ app/controllers/api/greetings_controller.rb:3:in `index'
Completed 200 OK in 3ms (Views: 0.1ms | ActiveRecord: 0.6ms | Allocations: 668)


Started GET "/api/greeting" for 127.0.0.1 at 2022-03-15 19:02:21 +0200
Processing by Api::GreetingsController#index as */*
  [1m[36mGreeting Load (1.8ms)[0m  [1m[34mSELECT "greetings".* FROM "greetings" ORDER BY RANDOM() LIMIT $1[0m  [["LIMIT", 1]]
  ↳ app/controllers/api/greetings_controller.rb:3:in `index'
Completed 200 OK in 11ms (Views: 0.7ms | ActiveRecord: 1.8ms | Allocations: 668)


Started GET "/api/greeting" for 127.0.0.1 at 2022-03-15 19:02:22 +0200
Processing by Api::GreetingsController#index as */*
  [1m[36mGreeting Load (0.7ms)[0m  [1m[34mSELECT "greetings".* FROM "greetings" ORDER BY RANDOM() LIMIT $1[0m  [["LIMIT", 1]]
  ↳ app/controllers/api/greetings_controller.rb:3:in `index'
Completed 200 OK in 6ms (Views: 0.4ms | ActiveRecord: 0.7ms | Allocations: 668)


Started GET "/api/greeting" for 127.0.0.1 at 2022-03-15 19:02:24 +0200
Processing by Api::GreetingsController#index as */*
  [1m[36mGreeting Load (0.5ms)[0m  [1m[34mSELECT "greetings".* FROM "greetings" ORDER BY RANDOM() LIMIT $1[0m  [["LIMIT", 1]]
  ↳ app/controllers/api/greetings_controller.rb:3:in `index'
Completed 200 OK in 3ms (Views: 0.2ms | ActiveRecord: 0.5ms | Allocations: 668)


Started GET "/api/greeting" for 127.0.0.1 at 2022-03-15 19:02:25 +0200
Processing by Api::GreetingsController#index as */*
  [1m[36mGreeting Load (0.5ms)[0m  [1m[34mSELECT "greetings".* FROM "greetings" ORDER BY RANDOM() LIMIT $1[0m  [["LIMIT", 1]]
  ↳ app/controllers/api/greetings_controller.rb:3:in `index'
Completed 200 OK in 3ms (Views: 0.3ms | ActiveRecord: 0.5ms | Allocations: 668)


Started GET "/api/greeting" for ::1 at 2022-03-15 19:02:50 +0200
Processing by Api::GreetingsController#index as HTML
  [1m[36mGreeting Load (2.3ms)[0m  [1m[34mSELECT "greetings".* FROM "greetings" ORDER BY RANDOM() LIMIT $1[0m  [["LIMIT", 1]]
  ↳ app/controllers/api/greetings_controller.rb:3:in `index'
Completed 200 OK in 14ms (Views: 2.5ms | ActiveRecord: 2.3ms | Allocations: 663)


Started GET "/" for ::1 at 2022-03-15 19:30:43 +0200
Started GET "/api/greeting" for ::1 at 2022-03-15 19:30:44 +0200
  [1m[36mActiveRecord::SchemaMigration Pluck (17.9ms)[0m  [1m[34mSELECT "schema_migrations"."version" FROM "schema_migrations" ORDER BY "schema_migrations"."version" ASC[0m
Processing by Api::GreetingsController#index as HTML
Processing by Rails::WelcomeController#index as HTML
  [1m[36mGreeting Load (49.4ms)[0m  [1m[34mSELECT "greetings".* FROM "greetings" ORDER BY RANDOM() LIMIT $1[0m  [["LIMIT", 1]]
  ↳ app/controllers/api/greetings_controller.rb:3:in `index'
  Rendering /home/willy/.rbenv/versions/3.0.3/lib/ruby/gems/3.0.0/gems/railties-7.0.2.3/lib/rails/templates/rails/welcome/index.html.erb
  Rendered /home/willy/.rbenv/versions/3.0.3/lib/ruby/gems/3.0.0/gems/railties-7.0.2.3/lib/rails/templates/rails/welcome/index.html.erb (Duration: 232.5ms | Allocations: 2930)
Completed 200 OK in 604ms (Views: 401.9ms | ActiveRecord: 0.0ms | Allocations: 13878)


Completed 200 OK in 700ms (Views: 1.6ms | ActiveRecord: 320.3ms | Allocations: 27783)


Started GET "/api/greeting" for ::1 at 2022-03-15 19:30:51 +0200
Processing by Api::GreetingsController#index as HTML
  [1m[36mGreeting Load (1.9ms)[0m  [1m[34mSELECT "greetings".* FROM "greetings" ORDER BY RANDOM() LIMIT $1[0m  [["LIMIT", 1]]
  ↳ app/controllers/api/greetings_controller.rb:3:in `index'
Completed 200 OK in 12ms (Views: 0.6ms | ActiveRecord: 1.9ms | Allocations: 803)


Started GET "/api/greeting" for ::1 at 2022-03-15 19:30:53 +0200
Processing by Api::GreetingsController#index as HTML
  [1m[36mGreeting Load (1.4ms)[0m  [1m[34mSELECT "greetings".* FROM "greetings" ORDER BY RANDOM() LIMIT $1[0m  [["LIMIT", 1]]
  ↳ app/controllers/api/greetings_controller.rb:3:in `index'
Completed 200 OK in 11ms (Views: 0.8ms | ActiveRecord: 1.4ms | Allocations: 679)


Started GET "/api/greeting" for ::1 at 2022-03-15 19:30:54 +0200
Processing by Api::GreetingsController#index as HTML
  [1m[36mGreeting Load (0.4ms)[0m  [1m[34mSELECT "greetings".* FROM "greetings" ORDER BY RANDOM() LIMIT $1[0m  [["LIMIT", 1]]
  ↳ app/controllers/api/greetings_controller.rb:3:in `index'
Completed 200 OK in 3ms (Views: 0.3ms | ActiveRecord: 0.4ms | Allocations: 679)


Started GET "/api/greeting" for ::1 at 2022-03-15 19:30:55 +0200
Processing by Api::GreetingsController#index as HTML
  [1m[36mGreeting Load (1.6ms)[0m  [1m[34mSELECT "greetings".* FROM "greetings" ORDER BY RANDOM() LIMIT $1[0m  [["LIMIT", 1]]
  ↳ app/controllers/api/greetings_controller.rb:3:in `index'
Completed 200 OK in 10ms (Views: 0.9ms | ActiveRecord: 1.6ms | Allocations: 664)


Started GET "/" for ::1 at 2022-03-15 20:40:22 +0200
  [1m[36mActiveRecord::SchemaMigration Pluck (58.3ms)[0m  [1m[34mSELECT "schema_migrations"."version" FROM "schema_migrations" ORDER BY "schema_migrations"."version" ASC[0m
Processing by Rails::WelcomeController#index as HTML
  Rendering /home/willy/.rbenv/versions/3.0.3/lib/ruby/gems/3.0.0/gems/railties-7.0.2.3/lib/rails/templates/rails/welcome/index.html.erb
  Rendered /home/willy/.rbenv/versions/3.0.3/lib/ruby/gems/3.0.0/gems/railties-7.0.2.3/lib/rails/templates/rails/welcome/index.html.erb (Duration: 36.3ms | Allocations: 728)
Completed 200 OK in 236ms (Views: 85.2ms | ActiveRecord: 0.0ms | Allocations: 6231)


Started GET "/api/greeting" for ::1 at 2022-03-15 20:40:29 +0200
Processing by Api::GreetingsController#index as HTML
  [1m[36mGreeting Load (70.5ms)[0m  [1m[34mSELECT "greetings".* FROM "greetings" ORDER BY RANDOM() LIMIT $1[0m  [["LIMIT", 1]]
  ↳ app/controllers/api/greetings_controller.rb:3:in `index'
Completed 200 OK in 345ms (Views: 1.2ms | ActiveRecord: 219.7ms | Allocations: 6233)


Started GET "/api/greeting" for ::1 at 2022-03-15 20:40:32 +0200
Processing by Api::GreetingsController#index as HTML
  [1m[36mGreeting Load (2.0ms)[0m  [1m[34mSELECT "greetings".* FROM "greetings" ORDER BY RANDOM() LIMIT $1[0m  [["LIMIT", 1]]
  ↳ app/controllers/api/greetings_controller.rb:3:in `index'
Completed 200 OK in 12ms (Views: 0.9ms | ActiveRecord: 2.0ms | Allocations: 802)


Started GET "/ws" for ::1 at 2022-03-15 20:42:31 +0200
  
ActionController::RoutingError (No route matches [GET] "/ws"):
  
Started GET "/ws" for 127.0.0.1 at 2022-03-15 20:42:33 +0200
  
ActionController::RoutingError (No route matches [GET] "/ws"):
  
Started GET "/api/greeting" for ::1 at 2022-03-15 20:42:44 +0200
Processing by Api::GreetingsController#index as */*
  [1m[36mGreeting Load (0.4ms)[0m  [1m[34mSELECT "greetings".* FROM "greetings" ORDER BY RANDOM() LIMIT $1[0m  [["LIMIT", 1]]
  ↳ app/controllers/api/greetings_controller.rb:3:in `index'
Completed 200 OK in 3ms (Views: 0.2ms | ActiveRecord: 0.4ms | Allocations: 838)


Started GET "/api/greeting" for ::1 at 2022-03-15 20:45:39 +0200
Processing by Api::GreetingsController#index as */*
  [1m[36mGreeting Load (0.5ms)[0m  [1m[34mSELECT "greetings".* FROM "greetings" ORDER BY RANDOM() LIMIT $1[0m  [["LIMIT", 1]]
  ↳ app/controllers/api/greetings_controller.rb:3:in `index'
Completed 200 OK in 3ms (Views: 0.2ms | ActiveRecord: 0.5ms | Allocations: 687)


Started GET "/api/greeting" for ::1 at 2022-03-15 20:51:07 +0200
Started GET "/ws" for ::1 at 2022-03-15 20:51:07 +0200
Started GET "/ws" for 127.0.0.1 at 2022-03-15 20:51:07 +0200
  [1m[36mActiveRecord::SchemaMigration Pluck (2.4ms)[0m  [1m[34mSELECT "schema_migrations"."version" FROM "schema_migrations" ORDER BY "schema_migrations"."version" ASC[0m
  
ActionController::RoutingError (No route matches [GET] "/ws"):
  
  
ActionController::RoutingError (No route matches [GET] "/ws"):
  
Processing by Api::GreetingsController#index as */*
  [1m[36mGreeting Load (0.6ms)[0m  [1m[34mSELECT "greetings".* FROM "greetings" ORDER BY RANDOM() LIMIT $1[0m  [["LIMIT", 1]]
  ↳ app/controllers/api/greetings_controller.rb:3:in `index'
Completed 200 OK in 197ms (Views: 1.1ms | ActiveRecord: 11.4ms | Allocations: 40397)


Started GET "/api/greeting" for ::1 at 2022-03-15 20:51:09 +0200
Processing by Api::GreetingsController#index as */*
  [1m[36mGreeting Load (0.3ms)[0m  [1m[34mSELECT "greetings".* FROM "greetings" ORDER BY RANDOM() LIMIT $1[0m  [["LIMIT", 1]]
  ↳ app/controllers/api/greetings_controller.rb:3:in `index'
Completed 200 OK in 11ms (Views: 0.2ms | ActiveRecord: 0.3ms | Allocations: 886)


Started GET "/api/greeting" for ::1 at 2022-03-15 20:51:35 +0200
Processing by Api::GreetingsController#index as */*
  [1m[36mGreeting Load (3.9ms)[0m  [1m[34mSELECT "greetings".* FROM "greetings" ORDER BY RANDOM() LIMIT $1[0m  [["LIMIT", 1]]
  ↳ app/controllers/api/greetings_controller.rb:3:in `index'
Completed 200 OK in 13ms (Views: 0.6ms | ActiveRecord: 3.9ms | Allocations: 902)


Started GET "/api/greeting" for ::1 at 2022-03-15 20:51:36 +0200
Processing by Api::GreetingsController#index as */*
  [1m[36mGreeting Load (1.2ms)[0m  [1m[34mSELECT "greetings".* FROM "greetings" ORDER BY RANDOM() LIMIT $1[0m  [["LIMIT", 1]]
  ↳ app/controllers/api/greetings_controller.rb:3:in `index'
Completed 200 OK in 9ms (Views: 0.6ms | ActiveRecord: 1.2ms | Allocations: 684)


Started GET "/api/greeting" for ::1 at 2022-03-15 20:51:37 +0200
Processing by Api::GreetingsController#index as */*
  [1m[36mGreeting Load (1.2ms)[0m  [1m[34mSELECT "greetings".* FROM "greetings" ORDER BY RANDOM() LIMIT $1[0m  [["LIMIT", 1]]
  ↳ app/controllers/api/greetings_controller.rb:3:in `index'
Completed 200 OK in 10ms (Views: 0.5ms | ActiveRecord: 1.2ms | Allocations: 669)


Started GET "/api/greeting" for ::1 at 2022-03-15 20:51:38 +0200
Processing by Api::GreetingsController#index as */*
  [1m[36mGreeting Load (3.1ms)[0m  [1m[34mSELECT "greetings".* FROM "greetings" ORDER BY RANDOM() LIMIT $1[0m  [["LIMIT", 1]]
  ↳ app/controllers/api/greetings_controller.rb:3:in `index'
Completed 200 OK in 12ms (Views: 0.7ms | ActiveRecord: 3.1ms | Allocations: 683)


Started GET "/api/greeting" for ::1 at 2022-03-15 20:51:38 +0200
Processing by Api::GreetingsController#index as */*
  [1m[36mGreeting Load (1.6ms)[0m  [1m[34mSELECT "greetings".* FROM "greetings" ORDER BY RANDOM() LIMIT $1[0m  [["LIMIT", 1]]
  ↳ app/controllers/api/greetings_controller.rb:3:in `index'
Completed 200 OK in 10ms (Views: 0.9ms | ActiveRecord: 1.6ms | Allocations: 670)


Started GET "/api/greeting" for ::1 at 2022-03-15 20:51:39 +0200
Processing by Api::GreetingsController#index as */*
  [1m[36mGreeting Load (1.3ms)[0m  [1m[34mSELECT "greetings".* FROM "greetings" ORDER BY RANDOM() LIMIT $1[0m  [["LIMIT", 1]]
  ↳ app/controllers/api/greetings_controller.rb:3:in `index'
Completed 200 OK in 9ms (Views: 0.5ms | ActiveRecord: 1.3ms | Allocations: 669)


Started GET "/api/greeting" for ::1 at 2022-03-15 20:51:39 +0200
Processing by Api::GreetingsController#index as */*
  [1m[36mGreeting Load (1.3ms)[0m  [1m[34mSELECT "greetings".* FROM "greetings" ORDER BY RANDOM() LIMIT $1[0m  [["LIMIT", 1]]
  ↳ app/controllers/api/greetings_controller.rb:3:in `index'
Completed 200 OK in 8ms (Views: 0.6ms | ActiveRecord: 1.3ms | Allocations: 670)


Started GET "/api/greeting" for ::1 at 2022-03-15 20:51:39 +0200
Processing by Api::GreetingsController#index as */*
  [1m[36mGreeting Load (1.4ms)[0m  [1m[34mSELECT "greetings".* FROM "greetings" ORDER BY RANDOM() LIMIT $1[0m  [["LIMIT", 1]]
  ↳ app/controllers/api/greetings_controller.rb:3:in `index'
Completed 200 OK in 9ms (Views: 0.5ms | ActiveRecord: 1.4ms | Allocations: 669)


Started GET "/api/greeting" for ::1 at 2022-03-15 20:51:39 +0200
Processing by Api::GreetingsController#index as */*
  [1m[36mGreeting Load (2.0ms)[0m  [1m[34mSELECT "greetings".* FROM "greetings" ORDER BY RANDOM() LIMIT $1[0m  [["LIMIT", 1]]
  ↳ app/controllers/api/greetings_controller.rb:3:in `index'
Completed 200 OK in 10ms (Views: 0.6ms | ActiveRecord: 2.0ms | Allocations: 669)


Started GET "/api/greeting" for ::1 at 2022-03-15 20:51:40 +0200
Processing by Api::GreetingsController#index as */*
  [1m[36mGreeting Load (1.5ms)[0m  [1m[34mSELECT "greetings".* FROM "greetings" ORDER BY RANDOM() LIMIT $1[0m  [["LIMIT", 1]]
  ↳ app/controllers/api/greetings_controller.rb:3:in `index'
Completed 200 OK in 12ms (Views: 0.9ms | ActiveRecord: 1.5ms | Allocations: 669)


Started GET "/api/greeting" for ::1 at 2022-03-15 20:51:40 +0200
Processing by Api::GreetingsController#index as */*
  [1m[36mGreeting Load (2.6ms)[0m  [1m[34mSELECT "greetings".* FROM "greetings" ORDER BY RANDOM() LIMIT $1[0m  [["LIMIT", 1]]
  ↳ app/controllers/api/greetings_controller.rb:3:in `index'
Completed 200 OK in 12ms (Views: 0.6ms | ActiveRecord: 2.6ms | Allocations: 670)


Started GET "/api/greeting" for ::1 at 2022-03-15 20:51:40 +0200
Processing by Api::GreetingsController#index as */*
  [1m[36mGreeting Load (1.6ms)[0m  [1m[34mSELECT "greetings".* FROM "greetings" ORDER BY RANDOM() LIMIT $1[0m  [["LIMIT", 1]]
  ↳ app/controllers/api/greetings_controller.rb:3:in `index'
Completed 200 OK in 13ms (Views: 0.8ms | ActiveRecord: 1.6ms | Allocations: 669)


Started GET "/api/greeting" for ::1 at 2022-03-15 20:51:40 +0200
Processing by Api::GreetingsController#index as */*
  [1m[36mGreeting Load (1.5ms)[0m  [1m[34mSELECT "greetings".* FROM "greetings" ORDER BY RANDOM() LIMIT $1[0m  [["LIMIT", 1]]
  ↳ app/controllers/api/greetings_controller.rb:3:in `index'
Completed 200 OK in 11ms (Views: 0.6ms | ActiveRecord: 1.5ms | Allocations: 669)


Started GET "/api/greeting" for ::1 at 2022-03-15 20:51:40 +0200
Processing by Api::GreetingsController#index as */*
  [1m[36mGreeting Load (1.5ms)[0m  [1m[34mSELECT "greetings".* FROM "greetings" ORDER BY RANDOM() LIMIT $1[0m  [["LIMIT", 1]]
  ↳ app/controllers/api/greetings_controller.rb:3:in `index'
Completed 200 OK in 10ms (Views: 0.6ms | ActiveRecord: 1.5ms | Allocations: 669)


Started GET "/api/greeting" for ::1 at 2022-03-15 20:51:40 +0200
Processing by Api::GreetingsController#index as */*
  [1m[36mGreeting Load (1.5ms)[0m  [1m[34mSELECT "greetings".* FROM "greetings" ORDER BY RANDOM() LIMIT $1[0m  [["LIMIT", 1]]
  ↳ app/controllers/api/greetings_controller.rb:3:in `index'
Completed 200 OK in 10ms (Views: 0.6ms | ActiveRecord: 1.5ms | Allocations: 670)


Started GET "/api/greeting" for ::1 at 2022-03-15 20:51:41 +0200
Processing by Api::GreetingsController#index as */*
  [1m[36mGreeting Load (1.5ms)[0m  [1m[34mSELECT "greetings".* FROM "greetings" ORDER BY RANDOM() LIMIT $1[0m  [["LIMIT", 1]]
  ↳ app/controllers/api/greetings_controller.rb:3:in `index'
Completed 200 OK in 11ms (Views: 0.9ms | ActiveRecord: 1.5ms | Allocations: 669)


Started GET "/api/greeting" for ::1 at 2022-03-15 20:51:41 +0200
Processing by Api::GreetingsController#index as */*
  [1m[36mGreeting Load (1.9ms)[0m  [1m[34mSELECT "greetings".* FROM "greetings" ORDER BY RANDOM() LIMIT $1[0m  [["LIMIT", 1]]
  ↳ app/controllers/api/greetings_controller.rb:3:in `index'
Completed 200 OK in 12ms (Views: 0.5ms | ActiveRecord: 1.9ms | Allocations: 669)


Started GET "/api/greeting" for ::1 at 2022-03-15 20:51:41 +0200
Processing by Api::GreetingsController#index as */*
  [1m[36mGreeting Load (1.5ms)[0m  [1m[34mSELECT "greetings".* FROM "greetings" ORDER BY RANDOM() LIMIT $1[0m  [["LIMIT", 1]]
  ↳ app/controllers/api/greetings_controller.rb:3:in `index'
Completed 200 OK in 11ms (Views: 0.8ms | ActiveRecord: 1.5ms | Allocations: 670)


Started GET "/api/greeting" for ::1 at 2022-03-15 20:51:41 +0200
Processing by Api::GreetingsController#index as */*
  [1m[36mGreeting Load (1.4ms)[0m  [1m[34mSELECT "greetings".* FROM "greetings" ORDER BY RANDOM() LIMIT $1[0m  [["LIMIT", 1]]
  ↳ app/controllers/api/greetings_controller.rb:3:in `index'
Completed 200 OK in 9ms (Views: 0.5ms | ActiveRecord: 1.4ms | Allocations: 669)


Started GET "/api/greeting" for ::1 at 2022-03-15 22:09:57 +0200
  [1m[36mActiveRecord::SchemaMigration Pluck (22.5ms)[0m  [1m[34mSELECT "schema_migrations"."version" FROM "schema_migrations" ORDER BY "schema_migrations"."version" ASC[0m
Processing by Api::GreetingsController#index as */*
  [1m[36mGreeting Load (1.0ms)[0m  [1m[34mSELECT "greetings".* FROM "greetings" ORDER BY RANDOM() LIMIT $1[0m  [["LIMIT", 1]]
  ↳ app/controllers/api/greetings_controller.rb:3:in `index'
Completed 200 OK in 200ms (Views: 0.7ms | ActiveRecord: 100.9ms | Allocations: 19178)


Started GET "/api/greeting" for ::1 at 2022-03-15 22:10:02 +0200
Processing by Api::GreetingsController#index as */*
  [1m[36mGreeting Load (0.5ms)[0m  [1m[34mSELECT "greetings".* FROM "greetings" ORDER BY RANDOM() LIMIT $1[0m  [["LIMIT", 1]]
  ↳ app/controllers/api/greetings_controller.rb:3:in `index'
Completed 200 OK in 4ms (Views: 0.3ms | ActiveRecord: 0.5ms | Allocations: 807)


Started GET "/api/greeting" for ::1 at 2022-03-15 22:10:03 +0200
Processing by Api::GreetingsController#index as */*
  [1m[36mGreeting Load (0.6ms)[0m  [1m[34mSELECT "greetings".* FROM "greetings" ORDER BY RANDOM() LIMIT $1[0m  [["LIMIT", 1]]
  ↳ app/controllers/api/greetings_controller.rb:3:in `index'
Completed 200 OK in 4ms (Views: 0.2ms | ActiveRecord: 0.6ms | Allocations: 684)


Started GET "/api/greeting" for ::1 at 2022-03-15 22:10:04 +0200
Processing by Api::GreetingsController#index as */*
  [1m[36mGreeting Load (1.9ms)[0m  [1m[34mSELECT "greetings".* FROM "greetings" ORDER BY RANDOM() LIMIT $1[0m  [["LIMIT", 1]]
  ↳ app/controllers/api/greetings_controller.rb:3:in `index'
Completed 200 OK in 14ms (Views: 0.8ms | ActiveRecord: 1.9ms | Allocations: 684)


Started GET "/api/greeting" for ::1 at 2022-03-15 22:10:05 +0200
Processing by Api::GreetingsController#index as */*
  [1m[36mGreeting Load (0.4ms)[0m  [1m[34mSELECT "greetings".* FROM "greetings" ORDER BY RANDOM() LIMIT $1[0m  [["LIMIT", 1]]
  ↳ app/controllers/api/greetings_controller.rb:3:in `index'
Completed 200 OK in 3ms (Views: 0.2ms | ActiveRecord: 0.4ms | Allocations: 684)


Started GET "/api/greeting" for ::1 at 2022-03-15 22:10:06 +0200
Processing by Api::GreetingsController#index as */*
  [1m[36mGreeting Load (3.0ms)[0m  [1m[34mSELECT "greetings".* FROM "greetings" ORDER BY RANDOM() LIMIT $1[0m  [["LIMIT", 1]]
  ↳ app/controllers/api/greetings_controller.rb:3:in `index'
Completed 200 OK in 14ms (Views: 0.8ms | ActiveRecord: 3.0ms | Allocations: 669)


Started GET "/api/greeting" for ::1 at 2022-03-15 22:10:06 +0200
Processing by Api::GreetingsController#index as */*
  [1m[36mGreeting Load (2.2ms)[0m  [1m[34mSELECT "greetings".* FROM "greetings" ORDER BY RANDOM() LIMIT $1[0m  [["LIMIT", 1]]
  ↳ app/controllers/api/greetings_controller.rb:3:in `index'
Completed 200 OK in 14ms (Views: 2.9ms | ActiveRecord: 2.2ms | Allocations: 669)


Started GET "/api/greeting" for ::1 at 2022-03-15 22:10:07 +0200
Processing by Api::GreetingsController#index as */*
  [1m[36mGreeting Load (1.5ms)[0m  [1m[34mSELECT "greetings".* FROM "greetings" ORDER BY RANDOM() LIMIT $1[0m  [["LIMIT", 1]]
  ↳ app/controllers/api/greetings_controller.rb:3:in `index'
Completed 200 OK in 13ms (Views: 0.8ms | ActiveRecord: 1.5ms | Allocations: 669)


